<?xml version="1.0" encoding="UTF-8"?>
<!-- Generated by org.testng.reporters.JUnitReportReporter -->
<testsuite hostname="Tripti" failures="0" tests="1" name="Testrunner.Testrunnerclass" time="6.006" errors="0" timestamp="2023-09-17T10:53:42 CDT" skipped="0">
  <testcase classname="Testrunner.Testrunnerclass" name="feature" time="6.006"/>
</testsuite> <!-- Testrunner.Testrunnerclass -->
